<?xml version="1.0" encoding="UTF-8"?>
<testng-results skipped="0" failed="0" ignored="0" total="1" passed="1">
  <reporter-output>
  </reporter-output>
  <suite name="Default suite" duration-ms="22898" started-at="2018-11-28T10:08:17Z" finished-at="2018-11-28T10:08:40Z">
    <groups>
    </groups>
    <test name="Default test" duration-ms="22898" started-at="2018-11-28T10:08:17Z" finished-at="2018-11-28T10:08:40Z">
      <class name="com.arena.hyperlocal.Arena_GetQuote">
        <test-method status="PASS" signature="Arena_Quote()[pri:0, instance:com.arena.hyperlocal.Arena_GetQuote@523884b2]" name="Arena_Quote" duration-ms="22851" started-at="2018-11-28T10:08:17Z" finished-at="2018-11-28T10:08:40Z">
          <reporter-output>
          </reporter-output>
        </test-method> <!-- Arena_Quote -->
      </class> <!-- com.arena.hyperlocal.Arena_GetQuote -->
    </test> <!-- Default test -->
  </suite> <!-- Default suite -->
</testng-results>
